2026-02-26 11:01:35,068 desktop-l6qmfda C:\Program Files\Java\jdk-21\bin\java.exe[15732] WARN  [io.qua.config] (Quarkus Main Thread) Unrecognized configuration key "quarkus.smallrye-jwt.sign.key.location" was provided; it will be ignored; verify that the dependency extension for this configuration is set or that you did not make a typo
2026-02-26 11:01:35,074 desktop-l6qmfda C:\Program Files\Java\jdk-21\bin\java.exe[15732] WARN  [io.qua.config] (Quarkus Main Thread) The "quarkus.hibernate-orm.database.generation" config property is deprecated and should not be used anymore.
2026-02-26 11:01:35,075 desktop-l6qmfda C:\Program Files\Java\jdk-21\bin\java.exe[15732] WARN  [io.qua.config] (Quarkus Main Thread) The "quarkus.log.file.enable" config property is deprecated and should not be used anymore.
2026-02-26 11:01:35,112 desktop-l6qmfda C:\Program Files\Java\jdk-21\bin\java.exe[15732] INFO  [org.fly.cor.FlywayExecutor] (Quarkus Main Thread) Database: jdbc:postgresql://localhost:5432/db_occ (PostgreSQL 15.13)
2026-02-26 11:01:35,127 desktop-l6qmfda C:\Program Files\Java\jdk-21\bin\java.exe[15732] INFO  [org.fly.cor.int.com.DbValidate] (Quarkus Main Thread) Successfully validated 1 migration (execution time 00:00.004s)
2026-02-26 11:01:35,151 desktop-l6qmfda C:\Program Files\Java\jdk-21\bin\java.exe[15732] INFO  [org.fly.cor.int.com.DbMigrate] (Quarkus Main Thread) Current version of schema "public": 1.0
2026-02-26 11:01:35,152 desktop-l6qmfda C:\Program Files\Java\jdk-21\bin\java.exe[15732] INFO  [org.fly.cor.int.com.DbMigrate] (Quarkus Main Thread) Schema "public" is up to date. No migration necessary.
2026-02-26 11:01:35,233 desktop-l6qmfda C:\Program Files\Java\jdk-21\bin\java.exe[15732] INFO  [io.qua.sch.run.SimpleScheduler] (Quarkus Main Thread) No scheduled business methods found - Simple scheduler will not be started
2026-02-26 11:01:35,238 desktop-l6qmfda C:\Program Files\Java\jdk-21\bin\java.exe[15732] INFO  [io.quarkus] (Quarkus Main Thread) occ 1.0-SNAPSHOT on JVM (powered by Quarkus 3.31.4) started in 0.958s. Listening on: http://localhost:8080
2026-02-26 11:01:35,239 desktop-l6qmfda C:\Program Files\Java\jdk-21\bin\java.exe[15732] INFO  [io.quarkus] (Quarkus Main Thread) Profile dev activated. Live Coding activated.
2026-02-26 11:01:35,239 desktop-l6qmfda C:\Program Files\Java\jdk-21\bin\java.exe[15732] INFO  [io.quarkus] (Quarkus Main Thread) Installed features: [agroal, cache, cdi, compose, config-yaml, flyway, hibernate-orm, hibernate-orm-panache, hibernate-orm-rest-data-panache, hibernate-validator, jdbc-postgresql, minio-client, narayana-jta, redis-client, rest, rest-jackson, rest-links, scheduler, security, smallrye-context-propagation, smallrye-jwt, smallrye-openapi, swagger-ui, vertx, websockets-next]
2026-02-26 11:01:35,239 desktop-l6qmfda C:\Program Files\Java\jdk-21\bin\java.exe[15732] INFO  [io.qua.dep.dev.RuntimeUpdatesProcessor] (vert.x-worker-thread-13) Live reload total time: 1.571s 
2026-02-26 11:01:35,249 desktop-l6qmfda C:\Program Files\Java\jdk-21\bin\java.exe[15732] INFO  [org.ago.occ.con.res.AuthController] (executor-thread-1) Received login request for NRP: 123456
2026-02-26 11:01:35,252 desktop-l6qmfda C:\Program Files\Java\jdk-21\bin\java.exe[15732] INFO  [org.ago.occ.ser.AuthService] (executor-thread-1) Querying database for NRP: 123456
2026-02-26 11:01:35,258 desktop-l6qmfda C:\Program Files\Java\jdk-21\bin\java.exe[15732] INFO  [org.ago.occ.ser.AuthService] (executor-thread-1) User found: Admin OCC. Checking password...
2026-02-26 11:01:35,259 desktop-l6qmfda C:\Program Files\Java\jdk-21\bin\java.exe[15732] ERROR [org.ago.occ.ser.AuthService] (executor-thread-1) DEBUG!!! -> Password provided: [admin123] Length: 8
2026-02-26 11:01:35,259 desktop-l6qmfda C:\Program Files\Java\jdk-21\bin\java.exe[15732] ERROR [org.ago.occ.ser.AuthService] (executor-thread-1) DEBUG chars in PW: 97 100 109 105 110 49 50 51 
2026-02-26 11:01:35,260 desktop-l6qmfda C:\Program Files\Java\jdk-21\bin\java.exe[15732] ERROR [org.ago.occ.ser.AuthService] (executor-thread-1) DEBUG!!! -> Equals admin123 literal? true
2026-02-26 11:01:35,260 desktop-l6qmfda C:\Program Files\Java\jdk-21\bin\java.exe[15732] ERROR [org.ago.occ.ser.AuthService] (executor-thread-1) DEBUG!!! -> Hash from DB: [$2a$10$71d8RlGWzbXuZ2g5AzpQZeKPUjKWXd8Cu5CgznSm.hIVlAugdr2ly] Length: 60
2026-02-26 11:01:35,324 desktop-l6qmfda C:\Program Files\Java\jdk-21\bin\java.exe[15732] ERROR [org.ago.occ.ser.AuthService] (executor-thread-1) DEBUG!!! -> Match Result: true
2026-02-26 11:01:35,327 desktop-l6qmfda C:\Program Files\Java\jdk-21\bin\java.exe[15732] ERROR [org.ago.occ.exc.GlobalExceptionHandler] (executor-thread-1) Unexpected error: SRJWT05009: : io.smallrye.jwt.build.JwtSignatureException: SRJWT05009: 
	at io.smallrye.jwt.build.impl.JwtSignatureImpl.sign(JwtSignatureImpl.java:109)
	at org.agora.occ.service.AuthService.generateAccessToken(AuthService.java:205)
	at org.agora.occ.service.AuthService.login(AuthService.java:95)
	at org.agora.occ.service.AuthService_Subclass.login$$superforward(Unknown Source)
	at org.agora.occ.service.AuthService_Subclass$0.apply(Unknown Source)
	at io.quarkus.arc.impl.AroundInvokeInvocationContext.proceed(AroundInvokeInvocationContext.java:73)
	at io.quarkus.arc.impl.AroundInvokeInvocationContext.proceed(AroundInvokeInvocationContext.java:62)
	at io.quarkus.narayana.jta.runtime.interceptor.TransactionalInterceptorBase.invokeInOurTx(TransactionalInterceptorBase.java:136)
	at io.quarkus.narayana.jta.runtime.interceptor.TransactionalInterceptorBase.invokeInOurTx(TransactionalInterceptorBase.java:107)
	at io.quarkus.narayana.jta.runtime.interceptor.TransactionalInterceptorRequired.doIntercept(TransactionalInterceptorRequired.java:38)
	at io.quarkus.narayana.jta.runtime.interceptor.TransactionalInterceptorBase.intercept(TransactionalInterceptorBase.java:61)
	at io.quarkus.narayana.jta.runtime.interceptor.TransactionalInterceptorRequired.intercept(TransactionalInterceptorRequired.java:32)
	at io.quarkus.narayana.jta.runtime.interceptor.TransactionalInterceptorRequired_Bean.intercept(Unknown Source)
	at io.quarkus.arc.impl.InterceptorInvocation.invoke(InterceptorInvocation.java:42)
	at io.quarkus.arc.impl.AroundInvokeInvocationContext.perform(AroundInvokeInvocationContext.java:30)
	at io.quarkus.arc.impl.InvocationContexts.performAroundInvoke(InvocationContexts.java:27)
	at org.agora.occ.service.AuthService_Subclass.login(Unknown Source)
	at org.agora.occ.service.AuthService_ClientProxy.login(Unknown Source)
	at org.agora.occ.controller.rest.AuthController.login(AuthController.java:95)
	at org.agora.occ.controller.rest.AuthController_Subclass.login$$superforward(Unknown Source)
	at org.agora.occ.controller.rest.AuthController_Subclass$2.apply(Unknown Source)
	at io.quarkus.arc.impl.AroundInvokeInvocationContext.proceed(AroundInvokeInvocationContext.java:73)
	at io.quarkus.arc.impl.AroundInvokeInvocationContext$NextAroundInvokeInvocationContext.proceed(AroundInvokeInvocationContext.java:97)
	at io.quarkus.hibernate.validator.runtime.interceptor.AbstractMethodValidationInterceptor.validateMethodInvocation(AbstractMethodValidationInterceptor.java:73)
	at io.quarkus.hibernate.validator.runtime.jaxrs.ResteasyReactiveEndPointValidationInterceptor.validateMethodInvocation(ResteasyReactiveEndPointValidationInterceptor.java:21)
	at io.quarkus.hibernate.validator.runtime.jaxrs.ResteasyReactiveEndPointValidationInterceptor_Bean.intercept(Unknown Source)
	at io.quarkus.arc.impl.InterceptorInvocation.invoke(InterceptorInvocation.java:42)
	at io.quarkus.arc.impl.AroundInvokeInvocationContext.proceed(AroundInvokeInvocationContext.java:70)
	at io.quarkus.arc.impl.AroundInvokeInvocationContext$NextAroundInvokeInvocationContext.proceed(AroundInvokeInvocationContext.java:97)
	at io.quarkus.security.runtime.interceptor.SecurityHandler.handle(SecurityHandler.java:27)
	at io.quarkus.security.runtime.interceptor.PermitAllInterceptor.intercept(PermitAllInterceptor.java:31)
	at io.quarkus.security.runtime.interceptor.PermitAllInterceptor_Bean.intercept(Unknown Source)
	at io.quarkus.arc.impl.InterceptorInvocation.invoke(InterceptorInvocation.java:42)
	at io.quarkus.arc.impl.AroundInvokeInvocationContext.proceed(AroundInvokeInvocationContext.java:70)
	at io.quarkus.arc.impl.AroundInvokeInvocationContext.proceed(AroundInvokeInvocationContext.java:62)
	at io.quarkus.resteasy.reactive.server.runtime.StandardSecurityCheckInterceptor.intercept(StandardSecurityCheckInterceptor.java:48)
	at io.quarkus.resteasy.reactive.server.runtime.StandardSecurityCheckInterceptor$PermitAllInterceptor_Bean.intercept(Unknown Source)
	at io.quarkus.arc.impl.InterceptorInvocation.invoke(InterceptorInvocation.java:42)
	at io.quarkus.arc.impl.AroundInvokeInvocationContext.perform(AroundInvokeInvocationContext.java:30)
	at io.quarkus.arc.impl.InvocationContexts.performAroundInvoke(InvocationContexts.java:27)
	at org.agora.occ.controller.rest.AuthController_Subclass.login(Unknown Source)
	at org.agora.occ.controller.rest.AuthController_ClientProxy.login(Unknown Source)
	at org.agora.occ.controller.rest.AuthController$quarkusrestinvoker$login_ec95de5c607b0b341f110003706c54e29e8215b4.invoke(Unknown Source)
	at org.jboss.resteasy.reactive.server.handlers.InvocationHandler.handle(InvocationHandler.java:29)
	at io.quarkus.resteasy.reactive.server.runtime.QuarkusResteasyReactiveRequestContext.invokeHandler(QuarkusResteasyReactiveRequestContext.java:190)
	at org.jboss.resteasy.reactive.common.core.AbstractResteasyReactiveContext.run(AbstractResteasyReactiveContext.java:147)
	at io.quarkus.vertx.core.runtime.VertxCoreRecorder$15.runWith(VertxCoreRecorder.java:666)
	at org.jboss.threads.EnhancedQueueExecutor$Task.doRunWith(EnhancedQueueExecutor.java:2651)
	at org.jboss.threads.EnhancedQueueExecutor$Task.run(EnhancedQueueExecutor.java:2630)
	at org.jboss.threads.EnhancedQueueExecutor.runThreadBody(EnhancedQueueExecutor.java:1622)
	at org.jboss.threads.EnhancedQueueExecutor$ThreadBody.run(EnhancedQueueExecutor.java:1589)
	at org.jboss.threads.DelegatingRunnable.run(DelegatingRunnable.java:11)
	at org.jboss.threads.ThreadLocalResettingRunnable.run(ThreadLocalResettingRunnable.java:11)
	at io.netty.util.concurrent.FastThreadLocalRunnable.run(FastThreadLocalRunnable.java:30)
	at java.base/java.lang.Thread.run(Thread.java:1583)
Caused by: java.lang.IllegalArgumentException: SRJWT05028: Signing key can not be created from the loaded content
	at io.smallrye.jwt.build.impl.JwtSignatureImpl.sign(JwtSignatureImpl.java:102)
	... 54 more

2026-02-26 11:04:21,996 desktop-l6qmfda C:\Program Files\Java\jdk-21\bin\java.exe[15732] INFO  [io.qua.dep.dev.RuntimeUpdatesProcessor] (vert.x-worker-thread-15) File change detected: C:\Users\kacang\IdeaProjects\occ\src\main\resources\application.yaml
2026-02-26 11:04:21,997 desktop-l6qmfda C:\Program Files\Java\jdk-21\bin\java.exe[15732] INFO  [io.qua.dep.dev.RuntimeUpdatesProcessor] (vert.x-worker-thread-15) Restarting quarkus due to changes in application.yaml, AuthService.class, AuthController.class.
2026-02-26 11:04:22,044 desktop-l6qmfda C:\Program Files\Java\jdk-21\bin\java.exe[15732] INFO  [io.quarkus] (Quarkus Main Thread) occ stopped in 0.047s
